debug: Warning: since `sails.config.session.cookie.secure` is not set to `true`, the session
debug: cookie will be sent over non-TLS connections (i.e. with insecure http:// requests).
debug: To enable secure cookies, set `sails.config.session.cookie.secure` to `true`.
debug: 
debug: If your app is behind a proxy or load balancer (e.g. on a PaaS like Heroku), you
debug: may also need to set `sails.config.http.trustProxy` to `true`.
debug: 
debug: For more help:
debug:  • https://sailsjs.com/config/session#?the-secure-flag
debug:  • https://sailsjs.com/config/session#?do-i-need-an-ssl-certificate
debug:  • https://sailsjs.com/config/sails-config-http#?properties
debug:  • https://sailsjs.com/support
debug: 
debug: It looks like your `sails.config.sockets.onlyAllowOrigins` array only includes
debug: references to the `localhost` origin.  This is completely valid, but be sure
debug: to add any other origins to this list that you'd like to accept socket
debug: connections from!
debug: 
Warning: connect.session() MemoryStore is not
designed for a production environment, as it will leak
memory, and will not scale past a single process.
